{
  "RSpec": {
    "coverage": {
      "/Users/michael-szczepanski/Documents/Projects/makersbnb-ruby-seed/spec/booking_repository_spec.rb": {
        "lines": [
          1,
          null,
          1,
          1,
          8,
          null,
          null,
          1,
          1,
          1,
          1,
          1,
          1,
          1,
          1,
          1,
          1,
          null,
          null,
          1,
          1,
          1,
          1,
          1,
          1,
          1,
          1,
          1,
          1,
          1,
          1,
          1,
          1,
          null,
          null,
          1,
          1,
          1,
          1,
          1,
          1,
          1,
          null,
          null,
          1,
          1,
          1,
          1,
          1,
          null,
          1,
          1,
          1,
          1,
          1,
          null,
          null,
          1,
          1,
          1,
          1,
          1,
          1,
          null,
          null,
          1,
          1,
          1,
          1,
          1,
          null,
          null,
          1,
          1,
          1,
          null,
          1,
          1,
          null,
          1,
          1,
          null,
          null,
          null,
          1,
          1,
          1,
          null,
          1,
          null,
          1,
          null,
          null,
          1,
          1,
          null,
          1,
          1,
          null,
          1,
          1,
          null,
          null,
          null,
          null,
          null
        ]
      },
      "/Users/michael-szczepanski/Documents/Projects/makersbnb-ruby-seed/lib/booking_repository.rb": {
        "lines": [
          1,
          1,
          null,
          1,
          1,
          7,
          7,
          7,
          7,
          null,
          null,
          1,
          8,
          null,
          null,
          8,
          8,
          8,
          null,
          null,
          1,
          3,
          3,
          null,
          3,
          null,
          null,
          null,
          1,
          6,
          6,
          6,
          null,
          6,
          null,
          null,
          1,
          4,
          4,
          4,
          null,
          null,
          1,
          12,
          12,
          null,
          12,
          null,
          12,
          null,
          null,
          1,
          null,
          1,
          27,
          27,
          53,
          53,
          53,
          53,
          53,
          53,
          53,
          null,
          27,
          null,
          null,
          null,
          null,
          1,
          6,
          6,
          6,
          null,
          6,
          6,
          6,
          null,
          null,
          null
        ]
      },
      "/Users/michael-szczepanski/Documents/Projects/makersbnb-ruby-seed/lib/booking.rb": {
        "lines": [
          1,
          1,
          null
        ]
      },
      "/Users/michael-szczepanski/Documents/Projects/makersbnb-ruby-seed/spec/integration/app_spec.rb": {
        "lines": [
          1,
          1,
          1,
          1,
          null,
          1,
          null,
          1,
          null,
          null,
          null,
          21,
          null,
          null,
          null,
          null,
          null,
          null,
          null,
          null,
          1,
          1,
          1,
          null,
          1,
          null,
          1,
          1,
          1,
          null,
          null,
          1,
          1,
          null,
          1,
          null,
          1,
          1,
          null,
          null,
          null,
          1,
          1,
          1,
          null,
          1,
          1,
          1,
          1,
          1,
          1,
          1,
          1,
          null,
          null,
          null,
          1,
          1,
          1,
          null,
          null,
          null,
          null,
          1,
          null,
          1,
          null,
          1,
          1,
          1,
          1,
          null,
          null,
          null,
          1,
          1,
          1,
          null,
          null,
          null,
          null,
          1,
          null,
          1,
          1,
          1,
          null,
          null,
          null,
          1,
          1,
          1,
          null,
          null,
          null,
          null,
          1,
          null,
          null,
          null,
          null,
          null,
          null,
          null,
          null,
          1,
          null,
          1,
          1,
          1,
          1,
          null,
          null,
          1,
          1,
          null,
          null,
          null,
          null,
          1,
          null,
          null,
          null,
          null,
          null,
          null,
          null,
          null,
          1,
          null,
          1,
          1,
          null,
          null,
          null,
          1,
          1,
          1,
          null,
          1,
          1,
          1,
          1,
          null,
          null,
          null,
          1,
          1,
          1,
          null,
          null,
          null,
          null,
          1,
          null,
          1,
          1,
          null,
          null,
          null,
          1,
          1,
          1,
          null,
          null,
          null,
          null,
          1,
          null,
          1,
          1,
          null,
          null,
          null,
          1,
          1,
          1,
          1,
          1,
          1,
          null,
          null,
          null,
          1,
          1,
          1,
          null,
          null,
          null,
          null,
          1,
          null,
          null,
          null,
          null,
          null,
          null,
          null,
          null,
          1,
          null,
          1,
          1,
          1,
          null,
          null,
          null,
          1,
          1,
          1,
          1,
          1,
          null,
          1,
          1,
          1,
          null,
          null,
          null,
          1,
          1,
          1,
          null,
          null,
          null,
          null,
          1,
          null,
          null,
          null,
          null,
          null,
          1,
          null,
          1,
          1,
          1,
          1,
          null,
          null,
          null,
          1,
          1,
          1,
          null,
          null,
          null,
          1,
          1,
          null,
          1,
          1,
          null,
          null,
          null,
          1,
          1,
          1,
          null,
          null,
          null,
          1,
          1,
          1,
          null,
          null,
          null,
          1,
          1,
          1,
          null,
          null,
          null,
          null,
          1,
          null,
          1,
          1,
          1,
          1,
          null,
          null,
          1,
          1,
          null,
          null,
          null,
          null,
          1,
          null,
          1,
          1,
          1,
          1,
          null,
          1,
          1,
          1,
          null,
          1,
          1,
          1,
          null,
          null,
          null,
          1,
          1,
          null,
          1,
          null,
          null,
          null,
          null,
          null,
          1,
          1,
          1,
          null,
          1,
          null,
          null,
          1,
          null,
          null,
          null,
          1,
          1,
          null,
          1,
          null,
          null,
          null,
          null,
          null,
          1,
          1,
          1,
          null,
          1,
          null,
          null,
          1,
          null,
          null,
          null
        ]
      },
      "/Users/michael-szczepanski/Documents/Projects/makersbnb-ruby-seed/app.rb": {
        "lines": [
          1,
          1,
          1,
          1,
          1,
          1,
          1,
          1,
          1,
          1,
          1,
          null,
          1,
          0,
          null,
          null,
          1,
          1,
          1,
          null,
          1,
          1,
          1,
          1,
          1,
          null,
          null,
          1,
          4,
          4,
          4,
          4,
          null,
          null,
          1,
          3,
          3,
          null,
          3,
          null,
          null,
          1,
          4,
          4,
          4,
          null,
          null,
          1,
          1,
          null,
          null,
          1,
          1,
          1,
          1,
          1,
          1,
          1,
          1,
          1,
          1,
          1,
          1,
          1,
          1,
          null,
          0,
          0,
          0,
          null,
          null,
          null,
          1,
          1,
          null,
          null,
          1,
          13,
          13,
          13,
          13,
          13,
          13,
          null,
          null,
          1,
          1,
          1,
          null,
          null,
          1,
          1,
          1,
          null,
          null,
          1,
          1,
          0,
          null,
          null,
          1,
          null,
          null,
          1,
          3,
          0,
          null,
          null,
          3,
          3,
          null,
          3,
          null,
          3,
          null,
          2,
          2,
          2,
          2,
          2,
          2,
          null,
          2,
          2,
          null,
          1,
          1,
          null,
          null,
          null,
          1,
          2,
          2,
          2,
          2,
          null,
          2,
          null,
          null,
          1,
          1,
          1,
          1,
          null,
          1,
          null,
          null,
          null,
          1,
          5,
          5,
          null,
          5,
          5,
          null,
          5,
          null,
          null,
          1,
          3,
          3,
          3,
          null,
          null,
          1,
          3,
          3,
          3,
          null,
          null
        ]
      },
      "/Users/michael-szczepanski/Documents/Projects/makersbnb-ruby-seed/lib/space_repository.rb": {
        "lines": [
          1,
          1,
          1,
          1,
          null,
          null,
          null,
          null,
          1,
          null,
          1,
          5,
          5,
          5,
          5,
          18,
          null,
          5,
          null,
          null,
          1,
          5,
          5,
          5,
          5,
          5,
          11,
          null,
          5,
          null,
          null,
          1,
          3,
          null,
          3,
          null,
          3,
          null,
          null,
          null,
          1,
          null,
          null,
          null,
          null,
          null,
          null,
          1,
          35,
          null,
          35,
          null,
          35,
          35,
          35,
          35,
          35,
          null,
          null,
          1,
          5,
          null,
          null,
          null,
          null,
          null,
          null,
          5,
          5,
          5,
          null,
          5,
          10,
          null,
          5,
          null,
          null,
          1,
          3,
          3,
          null,
          3,
          16,
          2,
          null,
          14,
          null,
          null,
          null,
          null,
          1,
          null,
          1,
          35,
          35,
          35,
          203,
          null,
          35,
          null,
          null,
          1,
          3,
          null,
          3,
          null,
          3,
          null,
          3,
          3,
          3,
          3,
          3,
          null,
          null,
          3,
          null,
          null,
          1,
          74,
          74,
          74,
          74,
          74,
          74,
          74,
          74,
          74,
          null,
          null
        ]
      },
      "/Users/michael-szczepanski/Documents/Projects/makersbnb-ruby-seed/lib/space.rb": {
        "lines": [
          1,
          null,
          1,
          null
        ]
      },
      "/Users/michael-szczepanski/Documents/Projects/makersbnb-ruby-seed/lib/user_repository.rb": {
        "lines": [
          1,
          1,
          1,
          null,
          1,
          1,
          2,
          null,
          2,
          null,
          2,
          2,
          null,
          null,
          1,
          14,
          14,
          14,
          14,
          14,
          14,
          14,
          14,
          14,
          14,
          null,
          null,
          1,
          3,
          3,
          3,
          3,
          null,
          null,
          1,
          3,
          3,
          3,
          3,
          null,
          null
        ]
      },
      "/Users/michael-szczepanski/Documents/Projects/makersbnb-ruby-seed/lib/user.rb": {
        "lines": [
          1,
          1,
          null
        ]
      },
      "/Users/michael-szczepanski/Documents/Projects/makersbnb-ruby-seed/spec/space_repository_spec.rb": {
        "lines": [
          1,
          1,
          null,
          1,
          null,
          1,
          6,
          null,
          null,
          1,
          1,
          1,
          1,
          null,
          1,
          1,
          1,
          1,
          1,
          null,
          null,
          null,
          1,
          1,
          1,
          1,
          null,
          1,
          1,
          1,
          1,
          1,
          1,
          null,
          1,
          1,
          1,
          1,
          1,
          null,
          null,
          1,
          1,
          null,
          1,
          null,
          1,
          1,
          1,
          1,
          1,
          null,
          1,
          null,
          1,
          1,
          1,
          1,
          1,
          1,
          null,
          null,
          null,
          null,
          null,
          null,
          null,
          null,
          null,
          null,
          1,
          1,
          1,
          null,
          1,
          1,
          null,
          null,
          null,
          null,
          null,
          null,
          null,
          null,
          null,
          null,
          null,
          1,
          1,
          1,
          1,
          1,
          null,
          null,
          null,
          1,
          1,
          null,
          1,
          1,
          null,
          1,
          1,
          1,
          1,
          1,
          1,
          null,
          1,
          null,
          1,
          null,
          1,
          null,
          1,
          1,
          1,
          1,
          1,
          1,
          null,
          null,
          null
        ]
      },
      "/Users/michael-szczepanski/Documents/Projects/makersbnb-ruby-seed/spec/user_repository_spec.rb": {
        "lines": [
          1,
          null,
          1,
          1,
          4,
          null,
          null,
          1,
          1,
          1,
          1,
          1,
          1,
          1,
          1,
          1,
          null,
          null,
          null,
          1,
          1,
          1,
          1,
          null,
          1,
          1,
          null,
          null,
          null,
          1,
          1,
          1,
          1,
          1,
          null,
          null,
          1,
          1,
          1,
          1,
          null,
          null,
          null
        ]
      }
    },
    "timestamp": 1684425182
  }
}
