<?xml version='1.0'?> 
<!DOCTYPE coverage SYSTEM "http://cobertura.sourceforge.net/xml/coverage-04.dtd">
<!-- Generated by simplecov-cobertura version 2.1.0 (https://github.com/dashingrocket/simplecov-cobertura) -->
<coverage line-rate="0.99" lines-covered="605" lines-valid="611" complexity="0" version="0" timestamp="1684425182">
  <sources>
    <source>/Users/michael-szczepanski/Documents/Projects/makersbnb-ruby-seed</source>
  </sources>
  <packages>
    <package name="makersbnb-ruby-seed" line-rate="0.99" complexity="0">
      <classes>
        <class name="app" filename="app.rb" line-rate="0.95" complexity="0">
          <methods/>
          <lines>
            <line number="1" hits="1"/>
            <line number="2" hits="1"/>
            <line number="3" hits="1"/>
            <line number="4" hits="1"/>
            <line number="5" hits="1"/>
            <line number="6" hits="1"/>
            <line number="7" hits="1"/>
            <line number="8" hits="1"/>
            <line number="9" hits="1"/>
            <line number="10" hits="1"/>
            <line number="11" hits="1"/>
            <line number="13" hits="1"/>
            <line number="14" hits="0"/>
            <line number="17" hits="1"/>
            <line number="18" hits="1"/>
            <line number="19" hits="1"/>
            <line number="21" hits="1"/>
            <line number="22" hits="1"/>
            <line number="23" hits="1"/>
            <line number="24" hits="1"/>
            <line number="25" hits="1"/>
            <line number="28" hits="1"/>
            <line number="29" hits="4"/>
            <line number="30" hits="4"/>
            <line number="31" hits="4"/>
            <line number="32" hits="4"/>
            <line number="35" hits="1"/>
            <line number="36" hits="3"/>
            <line number="37" hits="3"/>
            <line number="39" hits="3"/>
            <line number="42" hits="1"/>
            <line number="43" hits="4"/>
            <line number="44" hits="4"/>
            <line number="45" hits="4"/>
            <line number="48" hits="1"/>
            <line number="49" hits="1"/>
            <line number="52" hits="1"/>
            <line number="53" hits="1"/>
            <line number="54" hits="1"/>
            <line number="55" hits="1"/>
            <line number="56" hits="1"/>
            <line number="57" hits="1"/>
            <line number="58" hits="1"/>
            <line number="59" hits="1"/>
            <line number="60" hits="1"/>
            <line number="61" hits="1"/>
            <line number="62" hits="1"/>
            <line number="63" hits="1"/>
            <line number="64" hits="1"/>
            <line number="65" hits="1"/>
            <line number="67" hits="0"/>
            <line number="68" hits="0"/>
            <line number="69" hits="0"/>
            <line number="73" hits="1"/>
            <line number="74" hits="1"/>
            <line number="77" hits="1"/>
            <line number="78" hits="13"/>
            <line number="79" hits="13"/>
            <line number="80" hits="13"/>
            <line number="81" hits="13"/>
            <line number="82" hits="13"/>
            <line number="83" hits="13"/>
            <line number="86" hits="1"/>
            <line number="87" hits="1"/>
            <line number="88" hits="1"/>
            <line number="91" hits="1"/>
            <line number="92" hits="1"/>
            <line number="93" hits="1"/>
            <line number="96" hits="1"/>
            <line number="97" hits="1"/>
            <line number="98" hits="0"/>
            <line number="101" hits="1"/>
            <line number="104" hits="1"/>
            <line number="105" hits="3"/>
            <line number="106" hits="0"/>
            <line number="109" hits="3"/>
            <line number="110" hits="3"/>
            <line number="112" hits="3"/>
            <line number="114" hits="3"/>
            <line number="116" hits="2"/>
            <line number="117" hits="2"/>
            <line number="118" hits="2"/>
            <line number="119" hits="2"/>
            <line number="120" hits="2"/>
            <line number="121" hits="2"/>
            <line number="123" hits="2"/>
            <line number="124" hits="2"/>
            <line number="126" hits="1"/>
            <line number="127" hits="1"/>
            <line number="131" hits="1"/>
            <line number="132" hits="2"/>
            <line number="133" hits="2"/>
            <line number="134" hits="2"/>
            <line number="135" hits="2"/>
            <line number="137" hits="2"/>
            <line number="140" hits="1"/>
            <line number="141" hits="1"/>
            <line number="142" hits="1"/>
            <line number="143" hits="1"/>
            <line number="145" hits="1"/>
            <line number="149" hits="1"/>
            <line number="150" hits="5"/>
            <line number="151" hits="5"/>
            <line number="153" hits="5"/>
            <line number="154" hits="5"/>
            <line number="156" hits="5"/>
            <line number="159" hits="1"/>
            <line number="160" hits="3"/>
            <line number="161" hits="3"/>
            <line number="162" hits="3"/>
            <line number="165" hits="1"/>
            <line number="166" hits="3"/>
            <line number="167" hits="3"/>
            <line number="168" hits="3"/>
          </lines>
        </class>
        <class name="booking" filename="lib/booking.rb" line-rate="1.0" complexity="0">
          <methods/>
          <lines>
            <line number="1" hits="1"/>
            <line number="2" hits="1"/>
          </lines>
        </class>
        <class name="booking_repository" filename="lib/booking_repository.rb" line-rate="1.0" complexity="0">
          <methods/>
          <lines>
            <line number="1" hits="1"/>
            <line number="2" hits="1"/>
            <line number="4" hits="1"/>
            <line number="5" hits="1"/>
            <line number="6" hits="7"/>
            <line number="7" hits="7"/>
            <line number="8" hits="7"/>
            <line number="9" hits="7"/>
            <line number="12" hits="1"/>
            <line number="13" hits="8"/>
            <line number="16" hits="8"/>
            <line number="17" hits="8"/>
            <line number="18" hits="8"/>
            <line number="21" hits="1"/>
            <line number="22" hits="3"/>
            <line number="23" hits="3"/>
            <line number="25" hits="3"/>
            <line number="29" hits="1"/>
            <line number="30" hits="6"/>
            <line number="31" hits="6"/>
            <line number="32" hits="6"/>
            <line number="34" hits="6"/>
            <line number="37" hits="1"/>
            <line number="38" hits="4"/>
            <line number="39" hits="4"/>
            <line number="40" hits="4"/>
            <line number="43" hits="1"/>
            <line number="44" hits="12"/>
            <line number="45" hits="12"/>
            <line number="47" hits="12"/>
            <line number="49" hits="12"/>
            <line number="52" hits="1"/>
            <line number="54" hits="1"/>
            <line number="55" hits="27"/>
            <line number="56" hits="27"/>
            <line number="57" hits="53"/>
            <line number="58" hits="53"/>
            <line number="59" hits="53"/>
            <line number="60" hits="53"/>
            <line number="61" hits="53"/>
            <line number="62" hits="53"/>
            <line number="63" hits="53"/>
            <line number="65" hits="27"/>
            <line number="70" hits="1"/>
            <line number="71" hits="6"/>
            <line number="72" hits="6"/>
            <line number="73" hits="6"/>
            <line number="75" hits="6"/>
            <line number="76" hits="6"/>
            <line number="77" hits="6"/>
          </lines>
        </class>
        <class name="space" filename="lib/space.rb" line-rate="1.0" complexity="0">
          <methods/>
          <lines>
            <line number="1" hits="1"/>
            <line number="3" hits="1"/>
          </lines>
        </class>
        <class name="space_repository" filename="lib/space_repository.rb" line-rate="1.0" complexity="0">
          <methods/>
          <lines>
            <line number="1" hits="1"/>
            <line number="2" hits="1"/>
            <line number="3" hits="1"/>
            <line number="4" hits="1"/>
            <line number="9" hits="1"/>
            <line number="11" hits="1"/>
            <line number="12" hits="5"/>
            <line number="13" hits="5"/>
            <line number="14" hits="5"/>
            <line number="15" hits="5"/>
            <line number="16" hits="18"/>
            <line number="18" hits="5"/>
            <line number="21" hits="1"/>
            <line number="22" hits="5"/>
            <line number="23" hits="5"/>
            <line number="24" hits="5"/>
            <line number="25" hits="5"/>
            <line number="26" hits="5"/>
            <line number="27" hits="11"/>
            <line number="29" hits="5"/>
            <line number="32" hits="1"/>
            <line number="33" hits="3"/>
            <line number="35" hits="3"/>
            <line number="37" hits="3"/>
            <line number="41" hits="1"/>
            <line number="48" hits="1"/>
            <line number="49" hits="35"/>
            <line number="51" hits="35"/>
            <line number="53" hits="35"/>
            <line number="54" hits="35"/>
            <line number="55" hits="35"/>
            <line number="56" hits="35"/>
            <line number="57" hits="35"/>
            <line number="60" hits="1"/>
            <line number="61" hits="5"/>
            <line number="68" hits="5"/>
            <line number="69" hits="5"/>
            <line number="70" hits="5"/>
            <line number="72" hits="5"/>
            <line number="73" hits="10"/>
            <line number="75" hits="5"/>
            <line number="78" hits="1"/>
            <line number="79" hits="3"/>
            <line number="80" hits="3"/>
            <line number="82" hits="3"/>
            <line number="83" hits="16"/>
            <line number="84" hits="2"/>
            <line number="86" hits="14"/>
            <line number="91" hits="1"/>
            <line number="93" hits="1"/>
            <line number="94" hits="35"/>
            <line number="95" hits="35"/>
            <line number="96" hits="35"/>
            <line number="97" hits="203"/>
            <line number="99" hits="35"/>
            <line number="102" hits="1"/>
            <line number="103" hits="3"/>
            <line number="105" hits="3"/>
            <line number="107" hits="3"/>
            <line number="109" hits="3"/>
            <line number="110" hits="3"/>
            <line number="111" hits="3"/>
            <line number="112" hits="3"/>
            <line number="113" hits="3"/>
            <line number="116" hits="3"/>
            <line number="119" hits="1"/>
            <line number="120" hits="74"/>
            <line number="121" hits="74"/>
            <line number="122" hits="74"/>
            <line number="123" hits="74"/>
            <line number="124" hits="74"/>
            <line number="125" hits="74"/>
            <line number="126" hits="74"/>
            <line number="127" hits="74"/>
            <line number="128" hits="74"/>
          </lines>
        </class>
        <class name="user" filename="lib/user.rb" line-rate="1.0" complexity="0">
          <methods/>
          <lines>
            <line number="1" hits="1"/>
            <line number="2" hits="1"/>
          </lines>
        </class>
        <class name="user_repository" filename="lib/user_repository.rb" line-rate="1.0" complexity="0">
          <methods/>
          <lines>
            <line number="1" hits="1"/>
            <line number="2" hits="1"/>
            <line number="3" hits="1"/>
            <line number="5" hits="1"/>
            <line number="6" hits="1"/>
            <line number="7" hits="2"/>
            <line number="9" hits="2"/>
            <line number="11" hits="2"/>
            <line number="12" hits="2"/>
            <line number="15" hits="1"/>
            <line number="16" hits="14"/>
            <line number="17" hits="14"/>
            <line number="18" hits="14"/>
            <line number="19" hits="14"/>
            <line number="20" hits="14"/>
            <line number="21" hits="14"/>
            <line number="22" hits="14"/>
            <line number="23" hits="14"/>
            <line number="24" hits="14"/>
            <line number="25" hits="14"/>
            <line number="28" hits="1"/>
            <line number="29" hits="3"/>
            <line number="30" hits="3"/>
            <line number="31" hits="3"/>
            <line number="32" hits="3"/>
            <line number="35" hits="1"/>
            <line number="36" hits="3"/>
            <line number="37" hits="3"/>
            <line number="38" hits="3"/>
            <line number="39" hits="3"/>
          </lines>
        </class>
        <class name="booking_repository_spec" filename="spec/booking_repository_spec.rb" line-rate="1.0" complexity="0">
          <methods/>
          <lines>
            <line number="1" hits="1"/>
            <line number="3" hits="1"/>
            <line number="4" hits="1"/>
            <line number="5" hits="8"/>
            <line number="8" hits="1"/>
            <line number="9" hits="1"/>
            <line number="10" hits="1"/>
            <line number="11" hits="1"/>
            <line number="12" hits="1"/>
            <line number="13" hits="1"/>
            <line number="14" hits="1"/>
            <line number="15" hits="1"/>
            <line number="16" hits="1"/>
            <line number="17" hits="1"/>
            <line number="20" hits="1"/>
            <line number="21" hits="1"/>
            <line number="22" hits="1"/>
            <line number="23" hits="1"/>
            <line number="24" hits="1"/>
            <line number="25" hits="1"/>
            <line number="26" hits="1"/>
            <line number="27" hits="1"/>
            <line number="28" hits="1"/>
            <line number="29" hits="1"/>
            <line number="30" hits="1"/>
            <line number="31" hits="1"/>
            <line number="32" hits="1"/>
            <line number="33" hits="1"/>
            <line number="36" hits="1"/>
            <line number="37" hits="1"/>
            <line number="38" hits="1"/>
            <line number="39" hits="1"/>
            <line number="40" hits="1"/>
            <line number="41" hits="1"/>
            <line number="42" hits="1"/>
            <line number="45" hits="1"/>
            <line number="46" hits="1"/>
            <line number="47" hits="1"/>
            <line number="48" hits="1"/>
            <line number="49" hits="1"/>
            <line number="51" hits="1"/>
            <line number="52" hits="1"/>
            <line number="53" hits="1"/>
            <line number="54" hits="1"/>
            <line number="55" hits="1"/>
            <line number="58" hits="1"/>
            <line number="59" hits="1"/>
            <line number="60" hits="1"/>
            <line number="61" hits="1"/>
            <line number="62" hits="1"/>
            <line number="63" hits="1"/>
            <line number="66" hits="1"/>
            <line number="67" hits="1"/>
            <line number="68" hits="1"/>
            <line number="69" hits="1"/>
            <line number="70" hits="1"/>
            <line number="73" hits="1"/>
            <line number="74" hits="1"/>
            <line number="75" hits="1"/>
            <line number="77" hits="1"/>
            <line number="78" hits="1"/>
            <line number="80" hits="1"/>
            <line number="81" hits="1"/>
            <line number="85" hits="1"/>
            <line number="86" hits="1"/>
            <line number="87" hits="1"/>
            <line number="89" hits="1"/>
            <line number="91" hits="1"/>
            <line number="94" hits="1"/>
            <line number="95" hits="1"/>
            <line number="97" hits="1"/>
            <line number="98" hits="1"/>
            <line number="100" hits="1"/>
            <line number="101" hits="1"/>
          </lines>
        </class>
        <class name="app_spec" filename="spec/integration/app_spec.rb" line-rate="1.0" complexity="0">
          <methods/>
          <lines>
            <line number="1" hits="1"/>
            <line number="2" hits="1"/>
            <line number="3" hits="1"/>
            <line number="4" hits="1"/>
            <line number="6" hits="1"/>
            <line number="8" hits="1"/>
            <line number="12" hits="21"/>
            <line number="21" hits="1"/>
            <line number="22" hits="1"/>
            <line number="23" hits="1"/>
            <line number="25" hits="1"/>
            <line number="27" hits="1"/>
            <line number="28" hits="1"/>
            <line number="29" hits="1"/>
            <line number="32" hits="1"/>
            <line number="33" hits="1"/>
            <line number="35" hits="1"/>
            <line number="37" hits="1"/>
            <line number="38" hits="1"/>
            <line number="42" hits="1"/>
            <line number="43" hits="1"/>
            <line number="44" hits="1"/>
            <line number="46" hits="1"/>
            <line number="47" hits="1"/>
            <line number="48" hits="1"/>
            <line number="49" hits="1"/>
            <line number="50" hits="1"/>
            <line number="51" hits="1"/>
            <line number="52" hits="1"/>
            <line number="53" hits="1"/>
            <line number="57" hits="1"/>
            <line number="58" hits="1"/>
            <line number="59" hits="1"/>
            <line number="64" hits="1"/>
            <line number="66" hits="1"/>
            <line number="68" hits="1"/>
            <line number="69" hits="1"/>
            <line number="70" hits="1"/>
            <line number="71" hits="1"/>
            <line number="75" hits="1"/>
            <line number="76" hits="1"/>
            <line number="77" hits="1"/>
            <line number="82" hits="1"/>
            <line number="84" hits="1"/>
            <line number="85" hits="1"/>
            <line number="86" hits="1"/>
            <line number="90" hits="1"/>
            <line number="91" hits="1"/>
            <line number="92" hits="1"/>
            <line number="97" hits="1"/>
            <line number="106" hits="1"/>
            <line number="108" hits="1"/>
            <line number="109" hits="1"/>
            <line number="110" hits="1"/>
            <line number="111" hits="1"/>
            <line number="114" hits="1"/>
            <line number="115" hits="1"/>
            <line number="120" hits="1"/>
            <line number="129" hits="1"/>
            <line number="131" hits="1"/>
            <line number="132" hits="1"/>
            <line number="136" hits="1"/>
            <line number="137" hits="1"/>
            <line number="138" hits="1"/>
            <line number="140" hits="1"/>
            <line number="141" hits="1"/>
            <line number="142" hits="1"/>
            <line number="143" hits="1"/>
            <line number="147" hits="1"/>
            <line number="148" hits="1"/>
            <line number="149" hits="1"/>
            <line number="154" hits="1"/>
            <line number="156" hits="1"/>
            <line number="157" hits="1"/>
            <line number="161" hits="1"/>
            <line number="162" hits="1"/>
            <line number="163" hits="1"/>
            <line number="168" hits="1"/>
            <line number="170" hits="1"/>
            <line number="171" hits="1"/>
            <line number="175" hits="1"/>
            <line number="176" hits="1"/>
            <line number="177" hits="1"/>
            <line number="178" hits="1"/>
            <line number="179" hits="1"/>
            <line number="180" hits="1"/>
            <line number="184" hits="1"/>
            <line number="185" hits="1"/>
            <line number="186" hits="1"/>
            <line number="191" hits="1"/>
            <line number="200" hits="1"/>
            <line number="202" hits="1"/>
            <line number="203" hits="1"/>
            <line number="204" hits="1"/>
            <line number="208" hits="1"/>
            <line number="209" hits="1"/>
            <line number="210" hits="1"/>
            <line number="211" hits="1"/>
            <line number="212" hits="1"/>
            <line number="214" hits="1"/>
            <line number="215" hits="1"/>
            <line number="216" hits="1"/>
            <line number="220" hits="1"/>
            <line number="221" hits="1"/>
            <line number="222" hits="1"/>
            <line number="227" hits="1"/>
            <line number="233" hits="1"/>
            <line number="235" hits="1"/>
            <line number="236" hits="1"/>
            <line number="237" hits="1"/>
            <line number="238" hits="1"/>
            <line number="242" hits="1"/>
            <line number="243" hits="1"/>
            <line number="244" hits="1"/>
            <line number="248" hits="1"/>
            <line number="249" hits="1"/>
            <line number="251" hits="1"/>
            <line number="252" hits="1"/>
            <line number="256" hits="1"/>
            <line number="257" hits="1"/>
            <line number="258" hits="1"/>
            <line number="262" hits="1"/>
            <line number="263" hits="1"/>
            <line number="264" hits="1"/>
            <line number="268" hits="1"/>
            <line number="269" hits="1"/>
            <line number="270" hits="1"/>
            <line number="275" hits="1"/>
            <line number="277" hits="1"/>
            <line number="278" hits="1"/>
            <line number="279" hits="1"/>
            <line number="280" hits="1"/>
            <line number="283" hits="1"/>
            <line number="284" hits="1"/>
            <line number="289" hits="1"/>
            <line number="291" hits="1"/>
            <line number="292" hits="1"/>
            <line number="293" hits="1"/>
            <line number="294" hits="1"/>
            <line number="296" hits="1"/>
            <line number="297" hits="1"/>
            <line number="298" hits="1"/>
            <line number="300" hits="1"/>
            <line number="301" hits="1"/>
            <line number="302" hits="1"/>
            <line number="306" hits="1"/>
            <line number="307" hits="1"/>
            <line number="309" hits="1"/>
            <line number="315" hits="1"/>
            <line number="316" hits="1"/>
            <line number="317" hits="1"/>
            <line number="319" hits="1"/>
            <line number="322" hits="1"/>
            <line number="326" hits="1"/>
            <line number="327" hits="1"/>
            <line number="329" hits="1"/>
            <line number="335" hits="1"/>
            <line number="336" hits="1"/>
            <line number="337" hits="1"/>
            <line number="339" hits="1"/>
            <line number="342" hits="1"/>
          </lines>
        </class>
        <class name="space_repository_spec" filename="spec/space_repository_spec.rb" line-rate="1.0" complexity="0">
          <methods/>
          <lines>
            <line number="1" hits="1"/>
            <line number="2" hits="1"/>
            <line number="4" hits="1"/>
            <line number="6" hits="1"/>
            <line number="7" hits="6"/>
            <line number="10" hits="1"/>
            <line number="11" hits="1"/>
            <line number="12" hits="1"/>
            <line number="13" hits="1"/>
            <line number="15" hits="1"/>
            <line number="16" hits="1"/>
            <line number="17" hits="1"/>
            <line number="18" hits="1"/>
            <line number="19" hits="1"/>
            <line number="23" hits="1"/>
            <line number="24" hits="1"/>
            <line number="25" hits="1"/>
            <line number="26" hits="1"/>
            <line number="28" hits="1"/>
            <line number="29" hits="1"/>
            <line number="30" hits="1"/>
            <line number="31" hits="1"/>
            <line number="32" hits="1"/>
            <line number="33" hits="1"/>
            <line number="35" hits="1"/>
            <line number="36" hits="1"/>
            <line number="37" hits="1"/>
            <line number="38" hits="1"/>
            <line number="39" hits="1"/>
            <line number="42" hits="1"/>
            <line number="43" hits="1"/>
            <line number="45" hits="1"/>
            <line number="47" hits="1"/>
            <line number="48" hits="1"/>
            <line number="49" hits="1"/>
            <line number="50" hits="1"/>
            <line number="51" hits="1"/>
            <line number="53" hits="1"/>
            <line number="55" hits="1"/>
            <line number="56" hits="1"/>
            <line number="57" hits="1"/>
            <line number="58" hits="1"/>
            <line number="59" hits="1"/>
            <line number="60" hits="1"/>
            <line number="71" hits="1"/>
            <line number="72" hits="1"/>
            <line number="73" hits="1"/>
            <line number="75" hits="1"/>
            <line number="76" hits="1"/>
            <line number="88" hits="1"/>
            <line number="89" hits="1"/>
            <line number="90" hits="1"/>
            <line number="91" hits="1"/>
            <line number="92" hits="1"/>
            <line number="96" hits="1"/>
            <line number="97" hits="1"/>
            <line number="99" hits="1"/>
            <line number="100" hits="1"/>
            <line number="102" hits="1"/>
            <line number="103" hits="1"/>
            <line number="104" hits="1"/>
            <line number="105" hits="1"/>
            <line number="106" hits="1"/>
            <line number="107" hits="1"/>
            <line number="109" hits="1"/>
            <line number="111" hits="1"/>
            <line number="113" hits="1"/>
            <line number="115" hits="1"/>
            <line number="116" hits="1"/>
            <line number="117" hits="1"/>
            <line number="118" hits="1"/>
            <line number="119" hits="1"/>
            <line number="120" hits="1"/>
          </lines>
        </class>
        <class name="user_repository_spec" filename="spec/user_repository_spec.rb" line-rate="1.0" complexity="0">
          <methods/>
          <lines>
            <line number="1" hits="1"/>
            <line number="3" hits="1"/>
            <line number="4" hits="1"/>
            <line number="5" hits="4"/>
            <line number="8" hits="1"/>
            <line number="9" hits="1"/>
            <line number="10" hits="1"/>
            <line number="11" hits="1"/>
            <line number="12" hits="1"/>
            <line number="13" hits="1"/>
            <line number="14" hits="1"/>
            <line number="15" hits="1"/>
            <line number="16" hits="1"/>
            <line number="20" hits="1"/>
            <line number="21" hits="1"/>
            <line number="22" hits="1"/>
            <line number="23" hits="1"/>
            <line number="25" hits="1"/>
            <line number="26" hits="1"/>
            <line number="30" hits="1"/>
            <line number="31" hits="1"/>
            <line number="32" hits="1"/>
            <line number="33" hits="1"/>
            <line number="34" hits="1"/>
            <line number="37" hits="1"/>
            <line number="38" hits="1"/>
            <line number="39" hits="1"/>
            <line number="40" hits="1"/>
          </lines>
        </class>
      </classes>
    </package>
  </packages>
</coverage>